0 info it worked if it ends with ok
1 verbose cli [ '/usr/bin/node', '/usr/bin/npm', 'i', 'mongoose' ]
2 info using npm@3.5.2
3 info using node@v8.10.0
4 silly loadCurrentTree Starting
5 silly install loadCurrentTree
6 silly install readLocalPackageData
7 silly fetchPackageMetaData mongoose
8 silly fetchNamedPackageData mongoose
9 silly mapToRegistry name mongoose
10 silly mapToRegistry using default registry
11 silly mapToRegistry registry https://registry.npmjs.org/
12 silly mapToRegistry uri https://registry.npmjs.org/mongoose
13 verbose request uri https://registry.npmjs.org/mongoose
14 verbose request no auth needed
15 info attempt registry request try #1 at 2:59:25 AM
16 verbose request id 892f249c365e303d
17 verbose etag W/"85ad8eeac38af439011af14e85e9cf6a"
18 verbose lastModified Fri, 13 Sep 2019 15:57:02 GMT
19 http request GET https://registry.npmjs.org/mongoose
20 http 304 https://registry.npmjs.org/mongoose
21 verbose headers { date: 'Tue, 24 Sep 2019 02:59:25 GMT',
21 verbose headers   connection: 'keep-alive',
21 verbose headers   'set-cookie':
21 verbose headers    [ '__cfduid=d847996393694f3d24daa40da3ecf33f21569293965; expires=Wed, 23-Sep-20 02:59:25 GMT; path=/; domain=.npmjs.org; HttpOnly' ],
21 verbose headers   'cf-cache-status': 'HIT',
21 verbose headers   'cache-control': 'max-age=300',
21 verbose headers   'cf-ray': '51b180971851df08-PHX',
21 verbose headers   age: '4589',
21 verbose headers   etag: '"85ad8eeac38af439011af14e85e9cf6a"',
21 verbose headers   'expect-ct': 'max-age=604800, report-uri="https://report-uri.cloudflare.com/cdn-cgi/beacon/expect-ct"',
21 verbose headers   'last-modified': 'Fri, 13 Sep 2019 15:57:02 GMT',
21 verbose headers   vary: 'accept-encoding, accept',
21 verbose headers   'x-amz-meta-rev': '1760-afc0bf32e7b3ae99a891c202cd2c7d35',
21 verbose headers   server: 'cloudflare' }
22 silly get cb [ 304,
22 silly get   { date: 'Tue, 24 Sep 2019 02:59:25 GMT',
22 silly get     connection: 'keep-alive',
22 silly get     'set-cookie':
22 silly get      [ '__cfduid=d847996393694f3d24daa40da3ecf33f21569293965; expires=Wed, 23-Sep-20 02:59:25 GMT; path=/; domain=.npmjs.org; HttpOnly' ],
22 silly get     'cf-cache-status': 'HIT',
22 silly get     'cache-control': 'max-age=300',
22 silly get     'cf-ray': '51b180971851df08-PHX',
22 silly get     age: '4589',
22 silly get     etag: '"85ad8eeac38af439011af14e85e9cf6a"',
22 silly get     'expect-ct': 'max-age=604800, report-uri="https://report-uri.cloudflare.com/cdn-cgi/beacon/expect-ct"',
22 silly get     'last-modified': 'Fri, 13 Sep 2019 15:57:02 GMT',
22 silly get     vary: 'accept-encoding, accept',
22 silly get     'x-amz-meta-rev': '1760-afc0bf32e7b3ae99a891c202cd2c7d35',
22 silly get     server: 'cloudflare' } ]
23 verbose etag https://registry.npmjs.org/mongoose from cache
24 verbose get saving mongoose to /home/nick/.npm/registry.npmjs.org/mongoose/.cache.json
25 silly install normalizeTree
26 silly loadCurrentTree Finishing
27 silly loadIdealTree Starting
28 silly install loadIdealTree
29 silly cloneCurrentTree Starting
30 silly install cloneCurrentTreeToIdealTree
31 silly cloneCurrentTree Finishing
32 silly loadShrinkwrap Starting
33 silly install loadShrinkwrap
34 silly loadShrinkwrap Finishing
35 silly loadAllDepsIntoIdealTree Starting
36 silly install loadAllDepsIntoIdealTree
37 silly resolveWithNewModule mongoose@5.7.1 checking installable status
38 silly cache add args [ 'mongoose', null ]
39 verbose cache add spec mongoose
40 silly cache add parsed spec Result {
40 silly cache add   raw: 'mongoose',
40 silly cache add   scope: null,
40 silly cache add   name: 'mongoose',
40 silly cache add   rawSpec: '',
40 silly cache add   spec: 'latest',
40 silly cache add   type: 'tag' }
41 silly addNamed mongoose@latest
42 verbose addNamed "latest" is being treated as a dist-tag for mongoose
43 info addNameTag [ 'mongoose', 'latest' ]
44 silly mapToRegistry name mongoose
45 silly mapToRegistry using default registry
46 silly mapToRegistry registry https://registry.npmjs.org/
47 silly mapToRegistry uri https://registry.npmjs.org/mongoose
48 verbose addNameTag registry:https://registry.npmjs.org/mongoose not in flight; fetching
49 verbose get https://registry.npmjs.org/mongoose not expired, no request
50 silly addNameTag next cb for mongoose with tag latest
51 silly addNamed mongoose@5.7.1
52 verbose addNamed "5.7.1" is a plain semver version for mongoose
53 silly cache afterAdd mongoose@5.7.1
54 verbose afterAdd /home/nick/.npm/mongoose/5.7.1/package/package.json not in flight; writing
55 verbose afterAdd /home/nick/.npm/mongoose/5.7.1/package/package.json written
56 silly fetchNamedPackageData ms
57 silly mapToRegistry name ms
58 silly mapToRegistry using default registry
59 silly mapToRegistry registry https://registry.npmjs.org/
60 silly mapToRegistry uri https://registry.npmjs.org/ms
61 verbose request uri https://registry.npmjs.org/ms
62 verbose request no auth needed
63 info attempt registry request try #1 at 2:59:26 AM
64 verbose etag W/"5144376b1a736ca104397f4d0e77a52e"
65 verbose lastModified Sat, 14 Sep 2019 15:34:10 GMT
66 http request GET https://registry.npmjs.org/ms
67 http 304 https://registry.npmjs.org/ms
68 verbose headers { date: 'Tue, 24 Sep 2019 02:59:26 GMT',
68 verbose headers   connection: 'keep-alive',
68 verbose headers   'set-cookie':
68 verbose headers    [ '__cfduid=ddef49e907e119a112e71bd541f5dec321569293966; expires=Wed, 23-Sep-20 02:59:26 GMT; path=/; domain=.npmjs.org; HttpOnly' ],
68 verbose headers   'cf-cache-status': 'HIT',
68 verbose headers   'cache-control': 'max-age=300',
68 verbose headers   'cf-ray': '51b180988b4bdf08-PHX',
68 verbose headers   age: '1802',
68 verbose headers   etag: '"5144376b1a736ca104397f4d0e77a52e"',
68 verbose headers   'expect-ct': 'max-age=604800, report-uri="https://report-uri.cloudflare.com/cdn-cgi/beacon/expect-ct"',
68 verbose headers   'last-modified': 'Sat, 14 Sep 2019 15:34:10 GMT',
68 verbose headers   vary: 'accept-encoding, accept',
68 verbose headers   'x-amz-meta-rev': '164-23b3d9c4d1aa2907c0a041511ef9db83',
68 verbose headers   server: 'cloudflare' }
69 silly get cb [ 304,
69 silly get   { date: 'Tue, 24 Sep 2019 02:59:26 GMT',
69 silly get     connection: 'keep-alive',
69 silly get     'set-cookie':
69 silly get      [ '__cfduid=ddef49e907e119a112e71bd541f5dec321569293966; expires=Wed, 23-Sep-20 02:59:26 GMT; path=/; domain=.npmjs.org; HttpOnly' ],
69 silly get     'cf-cache-status': 'HIT',
69 silly get     'cache-control': 'max-age=300',
69 silly get     'cf-ray': '51b180988b4bdf08-PHX',
69 silly get     age: '1802',
69 silly get     etag: '"5144376b1a736ca104397f4d0e77a52e"',
69 silly get     'expect-ct': 'max-age=604800, report-uri="https://report-uri.cloudflare.com/cdn-cgi/beacon/expect-ct"',
69 silly get     'last-modified': 'Sat, 14 Sep 2019 15:34:10 GMT',
69 silly get     vary: 'accept-encoding, accept',
69 silly get     'x-amz-meta-rev': '164-23b3d9c4d1aa2907c0a041511ef9db83',
69 silly get     server: 'cloudflare' } ]
70 verbose etag https://registry.npmjs.org/ms from cache
71 verbose get saving ms to /home/nick/.npm/registry.npmjs.org/ms/.cache.json
72 silly resolveWithNewModule ms@2.1.2 checking installable status
73 silly cache add args [ 'ms@2.1.2', null ]
74 verbose cache add spec ms@2.1.2
75 silly cache add parsed spec Result {
75 silly cache add   raw: 'ms@2.1.2',
75 silly cache add   scope: null,
75 silly cache add   name: 'ms',
75 silly cache add   rawSpec: '2.1.2',
75 silly cache add   spec: '2.1.2',
75 silly cache add   type: 'version' }
76 silly addNamed ms@2.1.2
77 verbose addNamed "2.1.2" is a plain semver version for ms
78 silly mapToRegistry name ms
79 silly mapToRegistry using default registry
80 silly mapToRegistry registry https://registry.npmjs.org/
81 silly mapToRegistry uri https://registry.npmjs.org/ms
82 verbose addNameVersion registry:https://registry.npmjs.org/ms not in flight; fetching
83 verbose get https://registry.npmjs.org/ms not expired, no request
84 silly cache afterAdd ms@2.1.2
85 verbose afterAdd /home/nick/.npm/ms/2.1.2/package/package.json not in flight; writing
86 verbose afterAdd /home/nick/.npm/ms/2.1.2/package/package.json written
87 silly loadAllDepsIntoIdealTree Finishing
88 silly idealTree:prePrune whatsForDinner-backend
88 silly idealTree:prePrune ├── accepts@1.3.7
88 silly idealTree:prePrune ├── array-flatten@1.1.1
88 silly idealTree:prePrune ├── async@2.6.2
88 silly idealTree:prePrune ├── bcryptjs@2.4.3
88 silly idealTree:prePrune ├── bluebird@3.5.1
88 silly idealTree:prePrune ├── body-parser@1.19.0
88 silly idealTree:prePrune ├── bson@1.1.1
88 silly idealTree:prePrune ├── buffer-equal-constant-time@1.0.1
88 silly idealTree:prePrune ├── bytes@3.1.0
88 silly idealTree:prePrune ├── content-disposition@0.5.3
88 silly idealTree:prePrune ├── content-type@1.0.4
88 silly idealTree:prePrune ├── cookie-signature@1.0.6
88 silly idealTree:prePrune ├── cookie@0.4.0
88 silly idealTree:prePrune ├── debug@2.6.9
88 silly idealTree:prePrune ├── depd@1.1.2
88 silly idealTree:prePrune ├── destroy@1.0.4
88 silly idealTree:prePrune ├── ecdsa-sig-formatter@1.0.11
88 silly idealTree:prePrune ├── ee-first@1.1.1
88 silly idealTree:prePrune ├── encodeurl@1.0.2
88 silly idealTree:prePrune ├── escape-html@1.0.3
88 silly idealTree:prePrune ├── etag@1.8.1
88 silly idealTree:prePrune ├── express@4.17.1
88 silly idealTree:prePrune ├── finalhandler@1.1.2
88 silly idealTree:prePrune ├── forwarded@0.1.2
88 silly idealTree:prePrune ├── fresh@0.5.2
88 silly idealTree:prePrune ├── http-errors@1.7.2
88 silly idealTree:prePrune ├── iconv-lite@0.4.24
88 silly idealTree:prePrune ├── inherits@2.0.3
88 silly idealTree:prePrune ├── ipaddr.js@1.9.0
88 silly idealTree:prePrune ├─┬ jsonwebtoken@8.5.1
88 silly idealTree:prePrune │ ├── ms@2.1.2
88 silly idealTree:prePrune │ └── semver@5.7.1
88 silly idealTree:prePrune ├── jwa@1.4.1
88 silly idealTree:prePrune ├── jws@3.2.2
88 silly idealTree:prePrune ├── kareem@2.3.1
88 silly idealTree:prePrune ├── lodash.includes@4.3.0
88 silly idealTree:prePrune ├── lodash.isboolean@3.0.3
88 silly idealTree:prePrune ├── lodash.isinteger@4.0.4
88 silly idealTree:prePrune ├── lodash.isnumber@3.0.3
88 silly idealTree:prePrune ├── lodash.isplainobject@4.0.6
88 silly idealTree:prePrune ├── lodash.isstring@4.0.1
88 silly idealTree:prePrune ├── lodash.once@4.1.1
88 silly idealTree:prePrune ├── lodash@4.17.15
88 silly idealTree:prePrune ├── media-typer@0.3.0
88 silly idealTree:prePrune ├── merge-descriptors@1.0.1
88 silly idealTree:prePrune ├── methods@1.1.2
88 silly idealTree:prePrune ├── mime-db@1.40.0
88 silly idealTree:prePrune ├── mime-types@2.1.24
88 silly idealTree:prePrune ├── mime@1.6.0
88 silly idealTree:prePrune ├── mongodb@3.3.2
88 silly idealTree:prePrune ├── mongoose-legacy-pluralize@1.0.2
88 silly idealTree:prePrune ├─┬ mongoose@5.7.1
88 silly idealTree:prePrune │ └── ms@2.1.2
88 silly idealTree:prePrune ├── mpath@0.6.0
88 silly idealTree:prePrune ├─┬ mquery@3.2.1
88 silly idealTree:prePrune │ └── debug@3.1.0
88 silly idealTree:prePrune ├── ms@2.0.0
88 silly idealTree:prePrune ├── negotiator@0.6.2
88 silly idealTree:prePrune ├── on-finished@2.3.0
88 silly idealTree:prePrune ├── parseurl@1.3.3
88 silly idealTree:prePrune ├── passport-jwt@4.0.0
88 silly idealTree:prePrune ├── passport-strategy@1.0.0
88 silly idealTree:prePrune ├── passport@0.4.0
88 silly idealTree:prePrune ├── path-to-regexp@0.1.7
88 silly idealTree:prePrune ├── pause@0.0.1
88 silly idealTree:prePrune ├── proxy-addr@2.0.5
88 silly idealTree:prePrune ├── qs@6.7.0
88 silly idealTree:prePrune ├── range-parser@1.2.1
88 silly idealTree:prePrune ├── raw-body@2.4.0
88 silly idealTree:prePrune ├── regexp-clone@1.0.0
88 silly idealTree:prePrune ├─┬ require_optional@1.0.1
88 silly idealTree:prePrune │ └── semver@5.7.1
88 silly idealTree:prePrune ├── resolve-from@2.0.0
88 silly idealTree:prePrune ├── safe-buffer@5.1.2
88 silly idealTree:prePrune ├── safer-buffer@2.1.2
88 silly idealTree:prePrune ├─┬ send@0.17.1
88 silly idealTree:prePrune │ └── ms@2.1.1
88 silly idealTree:prePrune ├── serve-static@1.14.1
88 silly idealTree:prePrune ├── setprototypeof@1.1.1
88 silly idealTree:prePrune ├── sift@7.0.1
88 silly idealTree:prePrune ├── sliced@1.0.1
88 silly idealTree:prePrune ├── statuses@1.5.0
88 silly idealTree:prePrune ├── toidentifier@1.0.0
88 silly idealTree:prePrune ├── type-is@1.6.18
88 silly idealTree:prePrune ├── unpipe@1.0.0
88 silly idealTree:prePrune ├── utils-merge@1.0.1
88 silly idealTree:prePrune └── vary@1.1.2
89 silly loadIdealTree Finishing
90 silly currentTree whatsForDinner-backend
90 silly currentTree ├── accepts@1.3.7
90 silly currentTree ├── array-flatten@1.1.1
90 silly currentTree ├── async@2.6.2
90 silly currentTree ├── bcryptjs@2.4.3
90 silly currentTree ├── bluebird@3.5.1
90 silly currentTree ├── body-parser@1.19.0
90 silly currentTree ├── bson@1.1.1
90 silly currentTree ├── buffer-equal-constant-time@1.0.1
90 silly currentTree ├── bytes@3.1.0
90 silly currentTree ├── content-disposition@0.5.3
90 silly currentTree ├── content-type@1.0.4
90 silly currentTree ├── cookie-signature@1.0.6
90 silly currentTree ├── cookie@0.4.0
90 silly currentTree ├── debug@2.6.9
90 silly currentTree ├── depd@1.1.2
90 silly currentTree ├── destroy@1.0.4
90 silly currentTree ├── ecdsa-sig-formatter@1.0.11
90 silly currentTree ├── ee-first@1.1.1
90 silly currentTree ├── encodeurl@1.0.2
90 silly currentTree ├── escape-html@1.0.3
90 silly currentTree ├── etag@1.8.1
90 silly currentTree ├── express@4.17.1
90 silly currentTree ├── finalhandler@1.1.2
90 silly currentTree ├── forwarded@0.1.2
90 silly currentTree ├── fresh@0.5.2
90 silly currentTree ├── http-errors@1.7.2
90 silly currentTree ├── iconv-lite@0.4.24
90 silly currentTree ├── inherits@2.0.3
90 silly currentTree ├── ipaddr.js@1.9.0
90 silly currentTree ├─┬ jsonwebtoken@8.5.1
90 silly currentTree │ ├── ms@2.1.2
90 silly currentTree │ └── semver@5.7.1
90 silly currentTree ├── jwa@1.4.1
90 silly currentTree ├── jws@3.2.2
90 silly currentTree ├── kareem@2.3.1
90 silly currentTree ├── lodash.includes@4.3.0
90 silly currentTree ├── lodash.isboolean@3.0.3
90 silly currentTree ├── lodash.isinteger@4.0.4
90 silly currentTree ├── lodash.isnumber@3.0.3
90 silly currentTree ├── lodash.isplainobject@4.0.6
90 silly currentTree ├── lodash.isstring@4.0.1
90 silly currentTree ├── lodash.once@4.1.1
90 silly currentTree ├── lodash@4.17.15
90 silly currentTree ├── media-typer@0.3.0
90 silly currentTree ├── merge-descriptors@1.0.1
90 silly currentTree ├── methods@1.1.2
90 silly currentTree ├── mime-db@1.40.0
90 silly currentTree ├── mime-types@2.1.24
90 silly currentTree ├── mime@1.6.0
90 silly currentTree ├── mongodb@3.3.2
90 silly currentTree ├── mongoose-legacy-pluralize@1.0.2
90 silly currentTree ├── mpath@0.6.0
90 silly currentTree ├─┬ mquery@3.2.1
90 silly currentTree │ └── debug@3.1.0
90 silly currentTree ├── ms@2.0.0
90 silly currentTree ├── negotiator@0.6.2
90 silly currentTree ├── on-finished@2.3.0
90 silly currentTree ├── parseurl@1.3.3
90 silly currentTree ├── passport-jwt@4.0.0
90 silly currentTree ├── passport-strategy@1.0.0
90 silly currentTree ├── passport@0.4.0
90 silly currentTree ├── path-to-regexp@0.1.7
90 silly currentTree ├── pause@0.0.1
90 silly currentTree ├── proxy-addr@2.0.5
90 silly currentTree ├── qs@6.7.0
90 silly currentTree ├── range-parser@1.2.1
90 silly currentTree ├── raw-body@2.4.0
90 silly currentTree ├── regexp-clone@1.0.0
90 silly currentTree ├─┬ require_optional@1.0.1
90 silly currentTree │ └── semver@5.7.1
90 silly currentTree ├── resolve-from@2.0.0
90 silly currentTree ├── safe-buffer@5.1.2
90 silly currentTree ├── safer-buffer@2.1.2
90 silly currentTree ├─┬ send@0.17.1
90 silly currentTree │ └── ms@2.1.1
90 silly currentTree ├── serve-static@1.14.1
90 silly currentTree ├── setprototypeof@1.1.1
90 silly currentTree ├── sift@7.0.1
90 silly currentTree ├── sliced@1.0.1
90 silly currentTree ├── statuses@1.5.0
90 silly currentTree ├── toidentifier@1.0.0
90 silly currentTree ├── type-is@1.6.18
90 silly currentTree ├── unpipe@1.0.0
90 silly currentTree ├── utils-merge@1.0.1
90 silly currentTree └── vary@1.1.2
91 silly idealTree whatsForDinner-backend
91 silly idealTree ├── accepts@1.3.7
91 silly idealTree ├── array-flatten@1.1.1
91 silly idealTree ├── async@2.6.2
91 silly idealTree ├── bcryptjs@2.4.3
91 silly idealTree ├── bluebird@3.5.1
91 silly idealTree ├── body-parser@1.19.0
91 silly idealTree ├── bson@1.1.1
91 silly idealTree ├── buffer-equal-constant-time@1.0.1
91 silly idealTree ├── bytes@3.1.0
91 silly idealTree ├── content-disposition@0.5.3
91 silly idealTree ├── content-type@1.0.4
91 silly idealTree ├── cookie-signature@1.0.6
91 silly idealTree ├── cookie@0.4.0
91 silly idealTree ├── debug@2.6.9
91 silly idealTree ├── depd@1.1.2
91 silly idealTree ├── destroy@1.0.4
91 silly idealTree ├── ecdsa-sig-formatter@1.0.11
91 silly idealTree ├── ee-first@1.1.1
91 silly idealTree ├── encodeurl@1.0.2
91 silly idealTree ├── escape-html@1.0.3
91 silly idealTree ├── etag@1.8.1
91 silly idealTree ├── express@4.17.1
91 silly idealTree ├── finalhandler@1.1.2
91 silly idealTree ├── forwarded@0.1.2
91 silly idealTree ├── fresh@0.5.2
91 silly idealTree ├── http-errors@1.7.2
91 silly idealTree ├── iconv-lite@0.4.24
91 silly idealTree ├── inherits@2.0.3
91 silly idealTree ├── ipaddr.js@1.9.0
91 silly idealTree ├─┬ jsonwebtoken@8.5.1
91 silly idealTree │ ├── ms@2.1.2
91 silly idealTree │ └── semver@5.7.1
91 silly idealTree ├── jwa@1.4.1
91 silly idealTree ├── jws@3.2.2
91 silly idealTree ├── kareem@2.3.1
91 silly idealTree ├── lodash.includes@4.3.0
91 silly idealTree ├── lodash.isboolean@3.0.3
91 silly idealTree ├── lodash.isinteger@4.0.4
91 silly idealTree ├── lodash.isnumber@3.0.3
91 silly idealTree ├── lodash.isplainobject@4.0.6
91 silly idealTree ├── lodash.isstring@4.0.1
91 silly idealTree ├── lodash.once@4.1.1
91 silly idealTree ├── lodash@4.17.15
91 silly idealTree ├── media-typer@0.3.0
91 silly idealTree ├── merge-descriptors@1.0.1
91 silly idealTree ├── methods@1.1.2
91 silly idealTree ├── mime-db@1.40.0
91 silly idealTree ├── mime-types@2.1.24
91 silly idealTree ├── mime@1.6.0
91 silly idealTree ├── mongodb@3.3.2
91 silly idealTree ├── mongoose-legacy-pluralize@1.0.2
91 silly idealTree ├─┬ mongoose@5.7.1
91 silly idealTree │ └── ms@2.1.2
91 silly idealTree ├── mpath@0.6.0
91 silly idealTree ├─┬ mquery@3.2.1
91 silly idealTree │ └── debug@3.1.0
91 silly idealTree ├── ms@2.0.0
91 silly idealTree ├── negotiator@0.6.2
91 silly idealTree ├── on-finished@2.3.0
91 silly idealTree ├── parseurl@1.3.3
91 silly idealTree ├── passport-jwt@4.0.0
91 silly idealTree ├── passport-strategy@1.0.0
91 silly idealTree ├── passport@0.4.0
91 silly idealTree ├── path-to-regexp@0.1.7
91 silly idealTree ├── pause@0.0.1
91 silly idealTree ├── proxy-addr@2.0.5
91 silly idealTree ├── qs@6.7.0
91 silly idealTree ├── range-parser@1.2.1
91 silly idealTree ├── raw-body@2.4.0
91 silly idealTree ├── regexp-clone@1.0.0
91 silly idealTree ├─┬ require_optional@1.0.1
91 silly idealTree │ └── semver@5.7.1
91 silly idealTree ├── resolve-from@2.0.0
91 silly idealTree ├── safe-buffer@5.1.2
91 silly idealTree ├── safer-buffer@2.1.2
91 silly idealTree ├─┬ send@0.17.1
91 silly idealTree │ └── ms@2.1.1
91 silly idealTree ├── serve-static@1.14.1
91 silly idealTree ├── setprototypeof@1.1.1
91 silly idealTree ├── sift@7.0.1
91 silly idealTree ├── sliced@1.0.1
91 silly idealTree ├── statuses@1.5.0
91 silly idealTree ├── toidentifier@1.0.0
91 silly idealTree ├── type-is@1.6.18
91 silly idealTree ├── unpipe@1.0.0
91 silly idealTree ├── utils-merge@1.0.1
91 silly idealTree └── vary@1.1.2
92 silly generateActionsToTake Starting
93 silly install generateActionsToTake
94 silly generateActionsToTake Finishing
95 silly diffTrees action count 6
96 silly diffTrees add ms@2.1.2
97 silly diffTrees update bcryptjs@2.4.3
98 silly diffTrees update express@4.17.1
99 silly diffTrees add mongoose@5.7.1
100 silly diffTrees update passport@0.4.0
101 silly diffTrees update passport-jwt@4.0.0
102 silly decomposeActions action count 48
103 silly decomposeActions fetch ms@2.1.2
104 silly decomposeActions extract ms@2.1.2
105 silly decomposeActions test ms@2.1.2
106 silly decomposeActions preinstall ms@2.1.2
107 silly decomposeActions build ms@2.1.2
108 silly decomposeActions install ms@2.1.2
109 silly decomposeActions postinstall ms@2.1.2
110 silly decomposeActions finalize ms@2.1.2
111 silly decomposeActions fetch bcryptjs@2.4.3
112 silly decomposeActions extract bcryptjs@2.4.3
113 silly decomposeActions test bcryptjs@2.4.3
114 silly decomposeActions preinstall bcryptjs@2.4.3
115 silly decomposeActions build bcryptjs@2.4.3
116 silly decomposeActions install bcryptjs@2.4.3
117 silly decomposeActions postinstall bcryptjs@2.4.3
118 silly decomposeActions finalize bcryptjs@2.4.3
119 silly decomposeActions fetch express@4.17.1
120 silly decomposeActions extract express@4.17.1
121 silly decomposeActions test express@4.17.1
122 silly decomposeActions preinstall express@4.17.1
123 silly decomposeActions build express@4.17.1
124 silly decomposeActions install express@4.17.1
125 silly decomposeActions postinstall express@4.17.1
126 silly decomposeActions finalize express@4.17.1
127 silly decomposeActions fetch mongoose@5.7.1
128 silly decomposeActions extract mongoose@5.7.1
129 silly decomposeActions test mongoose@5.7.1
130 silly decomposeActions preinstall mongoose@5.7.1
131 silly decomposeActions build mongoose@5.7.1
132 silly decomposeActions install mongoose@5.7.1
133 silly decomposeActions postinstall mongoose@5.7.1
134 silly decomposeActions finalize mongoose@5.7.1
135 silly decomposeActions fetch passport@0.4.0
136 silly decomposeActions extract passport@0.4.0
137 silly decomposeActions test passport@0.4.0
138 silly decomposeActions preinstall passport@0.4.0
139 silly decomposeActions build passport@0.4.0
140 silly decomposeActions install passport@0.4.0
141 silly decomposeActions postinstall passport@0.4.0
142 silly decomposeActions finalize passport@0.4.0
143 silly decomposeActions fetch passport-jwt@4.0.0
144 silly decomposeActions extract passport-jwt@4.0.0
145 silly decomposeActions test passport-jwt@4.0.0
146 silly decomposeActions preinstall passport-jwt@4.0.0
147 silly decomposeActions build passport-jwt@4.0.0
148 silly decomposeActions install passport-jwt@4.0.0
149 silly decomposeActions postinstall passport-jwt@4.0.0
150 silly decomposeActions finalize passport-jwt@4.0.0
151 silly executeActions Starting
152 silly install executeActions
153 silly doSerial global-install 0
154 silly doParallel fetch 6
155 verbose lock using /home/nick/.npm/_locks/staging-d84069e4c0841615.lock for /home/nick/Server/whatsForDinner/whatsForDinner-backend/node_modules/.staging
156 silly doParallel extract 6
157 silly extract ms@2.1.2
158 silly extract bcryptjs@2.4.3
159 silly extract express@4.17.1
160 silly extract mongoose@5.7.1
161 silly extract passport@0.4.0
162 silly extract passport-jwt@4.0.0
163 verbose unbuild node_modules/.staging/ms-c79cf757
164 verbose unbuild node_modules/.staging/express-7059f150
165 verbose unbuild node_modules/.staging/bcryptjs-6c6cd735
166 verbose unbuild node_modules/.staging/mongoose-a2c17c8b
167 verbose unbuild node_modules/.staging/passport-7c4e4961
168 verbose unbuild node_modules/.staging/passport-jwt-ba327a97
169 silly gentlyRm /home/nick/Server/whatsForDinner/whatsForDinner-backend/node_modules/.staging/ms-c79cf757 is being purged from base /home/nick/Server/whatsForDinner/whatsForDinner-backend
170 verbose gentlyRm don't care about contents; nuking /home/nick/Server/whatsForDinner/whatsForDinner-backend/node_modules/.staging/ms-c79cf757
171 silly gentlyRm /home/nick/Server/whatsForDinner/whatsForDinner-backend/node_modules/.staging/express-7059f150 is being purged from base /home/nick/Server/whatsForDinner/whatsForDinner-backend
172 verbose gentlyRm don't care about contents; nuking /home/nick/Server/whatsForDinner/whatsForDinner-backend/node_modules/.staging/express-7059f150
173 silly gentlyRm /home/nick/Server/whatsForDinner/whatsForDinner-backend/node_modules/.staging/bcryptjs-6c6cd735 is being purged from base /home/nick/Server/whatsForDinner/whatsForDinner-backend
174 verbose gentlyRm don't care about contents; nuking /home/nick/Server/whatsForDinner/whatsForDinner-backend/node_modules/.staging/bcryptjs-6c6cd735
175 silly gentlyRm /home/nick/Server/whatsForDinner/whatsForDinner-backend/node_modules/.staging/mongoose-a2c17c8b is being purged from base /home/nick/Server/whatsForDinner/whatsForDinner-backend
176 verbose gentlyRm don't care about contents; nuking /home/nick/Server/whatsForDinner/whatsForDinner-backend/node_modules/.staging/mongoose-a2c17c8b
177 silly gentlyRm /home/nick/Server/whatsForDinner/whatsForDinner-backend/node_modules/.staging/passport-7c4e4961 is being purged from base /home/nick/Server/whatsForDinner/whatsForDinner-backend
178 verbose gentlyRm don't care about contents; nuking /home/nick/Server/whatsForDinner/whatsForDinner-backend/node_modules/.staging/passport-7c4e4961
179 silly gentlyRm /home/nick/Server/whatsForDinner/whatsForDinner-backend/node_modules/.staging/passport-jwt-ba327a97 is being purged from base /home/nick/Server/whatsForDinner/whatsForDinner-backend
180 verbose gentlyRm don't care about contents; nuking /home/nick/Server/whatsForDinner/whatsForDinner-backend/node_modules/.staging/passport-jwt-ba327a97
181 verbose tar unpack /home/nick/.npm/ms/2.1.2/package.tgz
182 verbose tar unpacking to /home/nick/Server/whatsForDinner/whatsForDinner-backend/node_modules/.staging/ms-c79cf757
183 silly gentlyRm /home/nick/Server/whatsForDinner/whatsForDinner-backend/node_modules/.staging/ms-c79cf757 is being purged
184 verbose gentlyRm don't care about contents; nuking /home/nick/Server/whatsForDinner/whatsForDinner-backend/node_modules/.staging/ms-c79cf757
185 verbose tar unpack /home/nick/.npm/express/4.17.1/package.tgz
186 verbose tar unpacking to /home/nick/Server/whatsForDinner/whatsForDinner-backend/node_modules/.staging/express-7059f150
187 silly gentlyRm /home/nick/Server/whatsForDinner/whatsForDinner-backend/node_modules/.staging/express-7059f150 is being purged
188 verbose gentlyRm don't care about contents; nuking /home/nick/Server/whatsForDinner/whatsForDinner-backend/node_modules/.staging/express-7059f150
189 verbose tar unpack /home/nick/.npm/bcryptjs/2.4.3/package.tgz
190 verbose tar unpacking to /home/nick/Server/whatsForDinner/whatsForDinner-backend/node_modules/.staging/bcryptjs-6c6cd735
191 silly gentlyRm /home/nick/Server/whatsForDinner/whatsForDinner-backend/node_modules/.staging/bcryptjs-6c6cd735 is being purged
192 verbose gentlyRm don't care about contents; nuking /home/nick/Server/whatsForDinner/whatsForDinner-backend/node_modules/.staging/bcryptjs-6c6cd735
193 verbose tar unpack /home/nick/.npm/mongoose/5.7.1/package.tgz
194 verbose tar unpacking to /home/nick/Server/whatsForDinner/whatsForDinner-backend/node_modules/.staging/mongoose-a2c17c8b
195 silly gentlyRm /home/nick/Server/whatsForDinner/whatsForDinner-backend/node_modules/.staging/mongoose-a2c17c8b is being purged
196 verbose gentlyRm don't care about contents; nuking /home/nick/Server/whatsForDinner/whatsForDinner-backend/node_modules/.staging/mongoose-a2c17c8b
197 verbose tar unpack /home/nick/.npm/passport/0.4.0/package.tgz
198 verbose tar unpacking to /home/nick/Server/whatsForDinner/whatsForDinner-backend/node_modules/.staging/passport-7c4e4961
199 silly gentlyRm /home/nick/Server/whatsForDinner/whatsForDinner-backend/node_modules/.staging/passport-7c4e4961 is being purged
200 verbose gentlyRm don't care about contents; nuking /home/nick/Server/whatsForDinner/whatsForDinner-backend/node_modules/.staging/passport-7c4e4961
201 verbose tar unpack /home/nick/.npm/passport-jwt/4.0.0/package.tgz
202 verbose tar unpacking to /home/nick/Server/whatsForDinner/whatsForDinner-backend/node_modules/.staging/passport-jwt-ba327a97
203 silly gentlyRm /home/nick/Server/whatsForDinner/whatsForDinner-backend/node_modules/.staging/passport-jwt-ba327a97 is being purged
204 verbose gentlyRm don't care about contents; nuking /home/nick/Server/whatsForDinner/whatsForDinner-backend/node_modules/.staging/passport-jwt-ba327a97
205 silly gunzTarPerm modes [ '775', '664' ]
206 silly gunzTarPerm modes [ '775', '664' ]
207 silly gunzTarPerm modes [ '775', '664' ]
208 silly gunzTarPerm modes [ '775', '664' ]
209 silly gunzTarPerm modes [ '775', '664' ]
210 silly gunzTarPerm modes [ '775', '664' ]
211 silly gunzTarPerm extractEntry package.json
212 silly gunzTarPerm modified mode [ 'package.json', 420, 436 ]
213 silly gunzTarPerm extractEntry package.json
214 silly gunzTarPerm modified mode [ 'package.json', 420, 436 ]
215 silly gunzTarPerm extractEntry package.json
216 silly gunzTarPerm modified mode [ 'package.json', 438, 436 ]
217 silly gunzTarPerm extractEntry package.json
218 silly gunzTarPerm extractEntry package.json
219 silly gunzTarPerm modified mode [ 'package.json', 420, 436 ]
220 silly gunzTarPerm extractEntry package.json
221 silly gunzTarPerm modified mode [ 'package.json', 420, 436 ]
222 silly gunzTarPerm extractEntry index.js
223 silly gunzTarPerm modified mode [ 'index.js', 420, 436 ]
224 silly gunzTarPerm extractEntry license.md
225 silly gunzTarPerm modified mode [ 'license.md', 420, 436 ]
226 silly gunzTarPerm extractEntry History.md
227 silly gunzTarPerm modified mode [ 'History.md', 420, 436 ]
228 silly gunzTarPerm extractEntry .npmignore
229 silly gunzTarPerm modified mode [ '.npmignore', 438, 436 ]
230 silly gunzTarPerm extractEntry README.md
231 silly gunzTarPerm modified mode [ 'README.md', 438, 436 ]
232 silly gunzTarPerm extractEntry .travis.yml
233 silly gunzTarPerm extractEntry browser.js
234 silly gunzTarPerm extractEntry .npmignore
235 silly gunzTarPerm modified mode [ '.npmignore', 420, 436 ]
236 silly gunzTarPerm extractEntry README.md
237 silly gunzTarPerm modified mode [ 'README.md', 420, 436 ]
238 silly gunzTarPerm extractEntry .travis.yml
239 silly gunzTarPerm modified mode [ '.travis.yml', 420, 436 ]
240 silly gunzTarPerm extractEntry LICENSE
241 silly gunzTarPerm modified mode [ 'LICENSE', 420, 436 ]
242 silly gunzTarPerm extractEntry index.js
243 silly gunzTarPerm modified mode [ 'index.js', 420, 436 ]
244 silly gunzTarPerm extractEntry readme.md
245 silly gunzTarPerm modified mode [ 'readme.md', 420, 436 ]
246 silly gunzTarPerm extractEntry LICENSE
247 silly gunzTarPerm modified mode [ 'LICENSE', 420, 436 ]
248 silly gunzTarPerm extractEntry Readme.md
249 silly gunzTarPerm modified mode [ 'Readme.md', 420, 436 ]
250 silly gunzTarPerm extractEntry lib/application.js
251 silly gunzTarPerm modified mode [ 'lib/application.js', 420, 436 ]
252 silly gunzTarPerm extractEntry LICENSE
253 silly gunzTarPerm modified mode [ 'LICENSE', 438, 436 ]
254 silly gunzTarPerm extractEntry History.md
255 silly gunzTarPerm extractEntry LICENSE
256 silly gunzTarPerm modified mode [ 'LICENSE', 420, 436 ]
257 silly gunzTarPerm extractEntry lib/authenticator.js
258 silly gunzTarPerm modified mode [ 'lib/authenticator.js', 420, 436 ]
259 silly gunzTarPerm extractEntry README.md
260 silly gunzTarPerm modified mode [ 'README.md', 420, 436 ]
261 silly gunzTarPerm extractEntry docs/migrating.md
262 silly gunzTarPerm modified mode [ 'docs/migrating.md', 420, 436 ]
263 silly gunzTarPerm extractEntry index.js
264 silly gunzTarPerm modified mode [ 'index.js', 438, 436 ]
265 silly gunzTarPerm extractEntry lib/express.js
266 silly gunzTarPerm modified mode [ 'lib/express.js', 420, 436 ]
267 silly gunzTarPerm extractEntry lib/middleware/init.js
268 silly gunzTarPerm modified mode [ 'lib/middleware/init.js', 420, 436 ]
269 silly gunzTarPerm extractEntry index.js
270 silly gunzTarPerm extractEntry lib/middleware/query.js
271 silly gunzTarPerm modified mode [ 'lib/middleware/query.js', 420, 436 ]
272 silly gunzTarPerm extractEntry dist/README.md
273 silly gunzTarPerm modified mode [ 'dist/README.md', 438, 436 ]
274 silly gunzTarPerm extractEntry dist/bcrypt.js
275 silly gunzTarPerm modified mode [ 'dist/bcrypt.js', 438, 436 ]
276 silly gunzTarPerm extractEntry lib/request.js
277 silly gunzTarPerm modified mode [ 'lib/request.js', 420, 436 ]
278 silly gunzTarPerm extractEntry lib/index.js
279 silly gunzTarPerm modified mode [ 'lib/index.js', 420, 436 ]
280 silly gunzTarPerm extractEntry lib/auth_header.js
281 silly gunzTarPerm modified mode [ 'lib/auth_header.js', 420, 436 ]
282 silly gunzTarPerm extractEntry LICENSE.md
283 silly gunzTarPerm extractEntry README.md
284 silly gunzTarPerm extractEntry lib/response.js
285 silly gunzTarPerm modified mode [ 'lib/response.js', 420, 436 ]
286 silly gunzTarPerm extractEntry dist/bcrypt.min.js
287 silly gunzTarPerm modified mode [ 'dist/bcrypt.min.js', 438, 436 ]
288 silly gunzTarPerm extractEntry dist/bcrypt.min.js.gz
289 silly gunzTarPerm modified mode [ 'dist/bcrypt.min.js.gz', 438, 436 ]
290 silly gunzTarPerm extractEntry lib/aggregate.js
291 silly gunzTarPerm extractEntry lib/browser.js
292 silly gunzTarPerm extractEntry lib/sessionmanager.js
293 silly gunzTarPerm modified mode [ 'lib/sessionmanager.js', 420, 436 ]
294 silly gunzTarPerm extractEntry lib/errors/authenticationerror.js
295 silly gunzTarPerm modified mode [ 'lib/errors/authenticationerror.js', 420, 436 ]
296 silly gunzTarPerm extractEntry lib/extract_jwt.js
297 silly gunzTarPerm modified mode [ 'lib/extract_jwt.js', 420, 436 ]
298 silly gunzTarPerm extractEntry lib/helpers/assign.js
299 silly gunzTarPerm modified mode [ 'lib/helpers/assign.js', 420, 436 ]
300 silly gunzTarPerm extractEntry lib/browserDocument.js
301 silly gunzTarPerm extractEntry lib/cast.js
302 silly gunzTarPerm extractEntry lib/router/index.js
303 silly gunzTarPerm modified mode [ 'lib/router/index.js', 420, 436 ]
304 silly gunzTarPerm extractEntry lib/router/layer.js
305 silly gunzTarPerm modified mode [ 'lib/router/layer.js', 420, 436 ]
306 silly gunzTarPerm extractEntry lib/cast/boolean.js
307 silly gunzTarPerm extractEntry lib/framework/connect.js
308 silly gunzTarPerm modified mode [ 'lib/framework/connect.js', 420, 436 ]
309 silly gunzTarPerm extractEntry lib/http/request.js
310 silly gunzTarPerm modified mode [ 'lib/http/request.js', 420, 436 ]
311 silly gunzTarPerm extractEntry lib/cast/date.js
312 silly gunzTarPerm extractEntry lib/index.js
313 silly gunzTarPerm modified mode [ 'lib/index.js', 420, 436 ]
314 silly gunzTarPerm extractEntry lib/strategy.js
315 silly gunzTarPerm modified mode [ 'lib/strategy.js', 420, 436 ]
316 silly gunzTarPerm extractEntry dist/bcrypt.min.map
317 silly gunzTarPerm modified mode [ 'dist/bcrypt.min.map', 438, 436 ]
318 silly gunzTarPerm extractEntry bin/bcrypt
319 silly gunzTarPerm modified mode [ 'bin/bcrypt', 438, 436 ]
320 silly gunzTarPerm extractEntry lib/cast/decimal128.js
321 silly gunzTarPerm extractEntry lib/cast/number.js
322 silly gunzTarPerm extractEntry lib/router/route.js
323 silly gunzTarPerm modified mode [ 'lib/router/route.js', 420, 436 ]
324 silly gunzTarPerm extractEntry lib/utils.js
325 silly gunzTarPerm modified mode [ 'lib/utils.js', 420, 436 ]
326 silly gunzTarPerm extractEntry lib/cast/objectid.js
327 silly gunzTarPerm extractEntry lib/cast/string.js
328 silly gunzTarPerm extractEntry bower.json
329 silly gunzTarPerm modified mode [ 'bower.json', 438, 436 ]
330 silly gunzTarPerm extractEntry .vscode/settings.json
331 silly gunzTarPerm modified mode [ '.vscode/settings.json', 438, 436 ]
332 silly gunzTarPerm extractEntry lib/verify_jwt.js
333 silly gunzTarPerm modified mode [ 'lib/verify_jwt.js', 420, 436 ]
334 silly gunzTarPerm extractEntry test/auth_header-test.js
335 silly gunzTarPerm modified mode [ 'test/auth_header-test.js', 420, 436 ]
336 silly gunzTarPerm extractEntry lib/collection.js
337 silly gunzTarPerm extractEntry lib/middleware/authenticate.js
338 silly gunzTarPerm modified mode [ 'lib/middleware/authenticate.js', 420, 436 ]
339 silly gunzTarPerm extractEntry lib/middleware/initialize.js
340 silly gunzTarPerm modified mode [ 'lib/middleware/initialize.js', 420, 436 ]
341 silly gunzTarPerm extractEntry lib/connection.js
342 silly gentlyRm /home/nick/Server/whatsForDinner/whatsForDinner-backend/node_modules/.staging/ms-c79cf757/node_modules is being purged
343 verbose gentlyRm don't care about contents; nuking /home/nick/Server/whatsForDinner/whatsForDinner-backend/node_modules/.staging/ms-c79cf757/node_modules
344 silly gunzTarPerm extractEntry lib/view.js
345 silly gunzTarPerm modified mode [ 'lib/view.js', 420, 436 ]
346 silly gunzTarPerm extractEntry lib/connectionstate.js
347 silly gunzTarPerm extractEntry lib/cursor/AggregationCursor.js
348 silly gunzTarPerm extractEntry lib/cursor/ChangeStream.js
349 silly gunzTarPerm extractEntry lib/strategies/session.js
350 silly gunzTarPerm modified mode [ 'lib/strategies/session.js', 420, 436 ]
351 silly gunzTarPerm extractEntry externs/bcrypt.js
352 silly gunzTarPerm modified mode [ 'externs/bcrypt.js', 438, 436 ]
353 silly gunzTarPerm extractEntry externs/minimal-env.js
354 silly gunzTarPerm modified mode [ 'externs/minimal-env.js', 438, 436 ]
355 silly gunzTarPerm extractEntry src/bcrypt.js
356 silly gunzTarPerm modified mode [ 'src/bcrypt.js', 438, 436 ]
357 silly gunzTarPerm extractEntry test/bootstrap.js
358 silly gunzTarPerm modified mode [ 'test/bootstrap.js', 420, 436 ]
359 silly gunzTarPerm extractEntry test/extrators-test.js
360 silly gunzTarPerm modified mode [ 'test/extrators-test.js', 420, 436 ]
361 silly gunzTarPerm extractEntry lib/cursor/QueryCursor.js
362 silly gunzTarPerm extractEntry src/wrap.js
363 silly gunzTarPerm modified mode [ 'src/wrap.js', 438, 436 ]
364 silly gunzTarPerm extractEntry lib/document_provider.js
365 silly gunzTarPerm extractEntry src/bcrypt/impl.js
366 silly gunzTarPerm modified mode [ 'src/bcrypt/impl.js', 438, 436 ]
367 silly gunzTarPerm extractEntry lib/document.js
368 silly gunzTarPerm extractEntry src/bcrypt/util.js
369 silly gunzTarPerm modified mode [ 'src/bcrypt/util.js', 438, 436 ]
370 silly gunzTarPerm extractEntry test/mock_request.js
371 silly gunzTarPerm modified mode [ 'test/mock_request.js', 420, 436 ]
372 silly gunzTarPerm extractEntry test/strategy-init-test.js
373 silly gunzTarPerm modified mode [ 'test/strategy-init-test.js', 420, 436 ]
374 silly gunzTarPerm extractEntry src/bcrypt/prng/README.md
375 silly gunzTarPerm modified mode [ 'src/bcrypt/prng/README.md', 438, 436 ]
376 silly gunzTarPerm extractEntry src/bcrypt/prng/accum.js
377 silly gunzTarPerm modified mode [ 'src/bcrypt/prng/accum.js', 438, 436 ]
378 silly gunzTarPerm extractEntry lib/driver.js
379 silly gunzTarPerm extractEntry src/bcrypt/prng/isaac.js
380 silly gunzTarPerm modified mode [ 'src/bcrypt/prng/isaac.js', 438, 436 ]
381 silly gunzTarPerm extractEntry test/strategy-requests-test.js
382 silly gunzTarPerm modified mode [ 'test/strategy-requests-test.js', 420, 436 ]
383 silly gunzTarPerm extractEntry test/strategy-validation-test.js
384 silly gunzTarPerm modified mode [ 'test/strategy-validation-test.js', 420, 436 ]
385 silly gunzTarPerm extractEntry lib/drivers/browser/binary.js
386 silly gunzTarPerm extractEntry lib/drivers/browser/decimal128.js
387 silly gunzTarPerm extractEntry src/bcrypt/util/base64.js
388 silly gunzTarPerm modified mode [ 'src/bcrypt/util/base64.js', 438, 436 ]
389 silly gunzTarPerm extractEntry src/bower.json
390 silly gunzTarPerm modified mode [ 'src/bower.json', 438, 436 ]
391 silly gunzTarPerm extractEntry test/strategy-verify-test.js
392 silly gunzTarPerm modified mode [ 'test/strategy-verify-test.js', 420, 436 ]
393 silly gunzTarPerm extractEntry test/testdata.js
394 silly gunzTarPerm modified mode [ 'test/testdata.js', 420, 436 ]
395 silly gunzTarPerm extractEntry lib/drivers/browser/index.js
396 silly gunzTarPerm extractEntry lib/drivers/browser/objectid.js
397 silly gunzTarPerm extractEntry .travis.yml
398 silly gunzTarPerm modified mode [ '.travis.yml', 438, 436 ]
399 silly gunzTarPerm extractEntry scripts/build.js
400 silly gunzTarPerm modified mode [ 'scripts/build.js', 438, 436 ]
401 silly gunzTarPerm extractEntry tests/suite.js
402 silly gunzTarPerm modified mode [ 'tests/suite.js', 438, 436 ]
403 silly gunzTarPerm extractEntry tests/quickbrown.txt
404 silly gunzTarPerm modified mode [ 'tests/quickbrown.txt', 438, 436 ]
405 silly gunzTarPerm extractEntry lib/drivers/browser/ReadPreference.js
406 silly gunzTarPerm extractEntry lib/drivers/node-mongodb-native/binary.js
407 silly gunzTarPerm extractEntry lib/drivers/node-mongodb-native/collection.js
408 silly gunzTarPerm extractEntry lib/drivers/node-mongodb-native/connection.js
409 silly gunzTarPerm extractEntry lib/drivers/node-mongodb-native/decimal128.js
410 silly gunzTarPerm extractEntry lib/drivers/node-mongodb-native/index.js
411 silly gunzTarPerm extractEntry lib/drivers/node-mongodb-native/objectid.js
412 silly gunzTarPerm extractEntry lib/drivers/node-mongodb-native/ReadPreference.js
413 silly gunzTarPerm extractEntry lib/drivers/SPEC.md
414 silly gentlyRm /home/nick/Server/whatsForDinner/whatsForDinner-backend/node_modules/.staging/passport-7c4e4961/node_modules is being purged
415 verbose gentlyRm don't care about contents; nuking /home/nick/Server/whatsForDinner/whatsForDinner-backend/node_modules/.staging/passport-7c4e4961/node_modules
416 silly gunzTarPerm extractEntry lib/error/browserMissingSchema.js
417 silly gunzTarPerm extractEntry lib/error/cast.js
418 silly gunzTarPerm extractEntry lib/error/disconnected.js
419 silly gunzTarPerm extractEntry lib/error/divergentArray.js
420 silly gunzTarPerm extractEntry lib/error/index.js
421 silly gunzTarPerm extractEntry lib/error/messages.js
422 silly gunzTarPerm extractEntry lib/error/missingSchema.js
423 silly gunzTarPerm extractEntry lib/error/mongooseError.js
424 silly gunzTarPerm extractEntry lib/error/notFound.js
425 silly gunzTarPerm extractEntry lib/error/objectExpected.js
426 silly gentlyRm /home/nick/Server/whatsForDinner/whatsForDinner-backend/node_modules/.staging/express-7059f150/node_modules is being purged
427 verbose gentlyRm don't care about contents; nuking /home/nick/Server/whatsForDinner/whatsForDinner-backend/node_modules/.staging/express-7059f150/node_modules
428 silly gunzTarPerm extractEntry lib/error/objectParameter.js
429 silly gunzTarPerm extractEntry lib/error/overwriteModel.js
430 silly gunzTarPerm extractEntry lib/error/parallelSave.js
431 silly gunzTarPerm extractEntry lib/error/strict.js
432 silly gentlyRm /home/nick/Server/whatsForDinner/whatsForDinner-backend/node_modules/.staging/passport-jwt-ba327a97/node_modules is being purged
433 verbose gentlyRm don't care about contents; nuking /home/nick/Server/whatsForDinner/whatsForDinner-backend/node_modules/.staging/passport-jwt-ba327a97/node_modules
434 silly gunzTarPerm extractEntry lib/error/validation.js
435 silly gunzTarPerm extractEntry lib/error/validator.js
436 silly gunzTarPerm extractEntry lib/error/version.js
437 silly gunzTarPerm extractEntry lib/helpers/common.js
438 silly gunzTarPerm extractEntry lib/helpers/cursor/eachAsync.js
439 silly gunzTarPerm extractEntry lib/helpers/discriminator/checkEmbeddedDiscriminatorKeyProjection.js
440 silly gunzTarPerm extractEntry lib/helpers/discriminator/getConstructor.js
441 silly gunzTarPerm extractEntry lib/helpers/document/cleanModifiedSubpaths.js
442 silly gunzTarPerm extractEntry lib/helpers/document/compile.js
443 silly gunzTarPerm extractEntry lib/helpers/document/getEmbeddedDiscriminatorPath.js
444 silly gunzTarPerm extractEntry lib/helpers/each.js
445 silly gunzTarPerm extractEntry lib/helpers/get.js
446 silly gunzTarPerm extractEntry lib/helpers/immediate.js
447 silly gunzTarPerm extractEntry lib/helpers/model/applyHooks.js
448 silly gunzTarPerm extractEntry lib/helpers/model/applyMethods.js
449 silly gunzTarPerm extractEntry lib/helpers/model/applyStaticHooks.js
450 silly gunzTarPerm extractEntry lib/helpers/model/applyStatics.js
451 silly gunzTarPerm extractEntry lib/helpers/model/castBulkWrite.js
452 silly gunzTarPerm extractEntry lib/helpers/model/discriminator.js
453 silly gunzTarPerm extractEntry lib/helpers/once.js
454 silly gunzTarPerm extractEntry lib/helpers/parallelLimit.js
455 silly gunzTarPerm extractEntry lib/helpers/populate/assignRawDocsToIdStructure.js
456 silly gunzTarPerm extractEntry lib/helpers/populate/assignVals.js
457 silly gunzTarPerm extractEntry lib/helpers/populate/getModelsMapForPopulate.js
458 silly gunzTarPerm extractEntry lib/helpers/populate/getSchemaTypes.js
459 silly gunzTarPerm extractEntry lib/helpers/populate/getVirtual.js
460 silly gunzTarPerm extractEntry lib/helpers/populate/leanPopulateMap.js
461 silly gentlyRm /home/nick/Server/whatsForDinner/whatsForDinner-backend/node_modules/.staging/bcryptjs-6c6cd735/node_modules is being purged
462 verbose gentlyRm don't care about contents; nuking /home/nick/Server/whatsForDinner/whatsForDinner-backend/node_modules/.staging/bcryptjs-6c6cd735/node_modules
463 silly gunzTarPerm extractEntry lib/helpers/populate/normalizeRefPath.js
464 silly gunzTarPerm extractEntry lib/helpers/populate/validateRef.js
465 silly gunzTarPerm extractEntry lib/helpers/printJestWarning.js
466 silly gunzTarPerm extractEntry lib/helpers/projection/isDefiningProjection.js
467 silly gunzTarPerm extractEntry lib/helpers/projection/isExclusive.js
468 silly gunzTarPerm extractEntry lib/helpers/projection/isInclusive.js
469 silly gunzTarPerm extractEntry lib/helpers/projection/isPathExcluded.js
470 silly gunzTarPerm extractEntry lib/helpers/projection/isPathSelectedInclusive.js
471 silly gunzTarPerm extractEntry lib/helpers/query/applyGlobalMaxTimeMS.js
472 silly gunzTarPerm extractEntry lib/helpers/query/applyQueryMiddleware.js
473 silly gunzTarPerm extractEntry lib/helpers/query/castFilterPath.js
474 silly gunzTarPerm extractEntry lib/helpers/query/castUpdate.js
475 silly gunzTarPerm extractEntry lib/helpers/query/completeMany.js
476 silly gunzTarPerm extractEntry lib/helpers/query/getEmbeddedDiscriminatorPath.js
477 silly gunzTarPerm extractEntry lib/helpers/query/handleImmutable.js
478 silly gunzTarPerm extractEntry lib/helpers/query/hasDollarKeys.js
479 silly gunzTarPerm extractEntry lib/helpers/query/selectPopulatedFields.js
480 silly gunzTarPerm extractEntry lib/helpers/query/wrapThunk.js
481 silly gunzTarPerm extractEntry lib/helpers/schema/applyPlugins.js
482 silly gunzTarPerm extractEntry lib/helpers/schema/applyWriteConcern.js
483 silly gunzTarPerm extractEntry lib/helpers/schema/cleanPositionalOperators.js
484 silly gunzTarPerm extractEntry lib/helpers/schema/getIndexes.js
485 silly gunzTarPerm extractEntry lib/helpers/schema/getPath.js
486 silly gunzTarPerm extractEntry lib/helpers/schema/handleTimestampOption.js
487 silly gunzTarPerm extractEntry lib/helpers/schema/merge.js
488 silly gunzTarPerm extractEntry lib/helpers/schematype/handleImmutable.js
489 silly gunzTarPerm extractEntry lib/helpers/setDefaultsOnInsert.js
490 silly gunzTarPerm extractEntry lib/helpers/symbols.js
491 silly gunzTarPerm extractEntry lib/helpers/update/applyTimestampsToChildren.js
492 silly gunzTarPerm extractEntry lib/helpers/update/applyTimestampsToUpdate.js
493 silly gunzTarPerm extractEntry lib/helpers/update/castArrayFilters.js
494 silly gunzTarPerm extractEntry lib/helpers/update/modifiedPaths.js
495 silly gunzTarPerm extractEntry lib/helpers/updateValidators.js
496 silly gunzTarPerm extractEntry lib/index.js
497 silly gunzTarPerm extractEntry lib/internal.js
498 silly gunzTarPerm extractEntry lib/model.js
499 silly gunzTarPerm extractEntry lib/options.js
500 silly gunzTarPerm extractEntry lib/options/PopulateOptions.js
501 silly gunzTarPerm extractEntry lib/options/removeOptions.js
502 silly gunzTarPerm extractEntry lib/options/saveOptions.js
503 silly gunzTarPerm extractEntry lib/plugins/idGetter.js
504 silly gunzTarPerm extractEntry lib/plugins/removeSubdocs.js
505 silly gunzTarPerm extractEntry lib/plugins/saveSubdocs.js
506 silly gunzTarPerm extractEntry lib/plugins/sharding.js
507 silly gunzTarPerm extractEntry lib/plugins/validateBeforeSave.js
508 silly gunzTarPerm extractEntry lib/promise_provider.js
509 silly gunzTarPerm extractEntry lib/query.js
510 silly gunzTarPerm extractEntry lib/queryhelpers.js
511 silly gunzTarPerm extractEntry lib/schema.js
512 silly gunzTarPerm extractEntry lib/schema/array.js
513 silly gunzTarPerm extractEntry lib/schema/boolean.js
514 silly gunzTarPerm extractEntry lib/schema/buffer.js
515 silly gunzTarPerm extractEntry lib/schema/date.js
516 silly gunzTarPerm extractEntry lib/schema/decimal128.js
517 silly gunzTarPerm extractEntry lib/schema/documentarray.js
518 silly gunzTarPerm extractEntry lib/schema/index.js
519 silly gunzTarPerm extractEntry lib/schema/map.js
520 silly gunzTarPerm extractEntry lib/schema/mixed.js
521 silly gunzTarPerm extractEntry lib/schema/number.js
522 silly gunzTarPerm extractEntry lib/schema/objectid.js
523 silly gunzTarPerm extractEntry lib/schema/operators/bitwise.js
524 silly gunzTarPerm extractEntry lib/schema/operators/exists.js
525 silly gunzTarPerm extractEntry lib/schema/operators/geospatial.js
526 silly gunzTarPerm extractEntry lib/schema/operators/helpers.js
527 silly gunzTarPerm extractEntry lib/schema/operators/text.js
528 silly gunzTarPerm extractEntry lib/schema/operators/type.js
529 silly gunzTarPerm extractEntry lib/schema/SingleNestedPath.js
530 silly gunzTarPerm extractEntry lib/schema/string.js
531 silly gunzTarPerm extractEntry lib/schema/symbols.js
532 silly gunzTarPerm extractEntry lib/schematype.js
533 silly gunzTarPerm extractEntry lib/statemachine.js
534 silly gunzTarPerm extractEntry lib/types/array.js
535 silly gunzTarPerm extractEntry lib/types/buffer.js
536 silly gunzTarPerm extractEntry lib/types/core_array.js
537 silly gunzTarPerm extractEntry lib/types/decimal128.js
538 silly gunzTarPerm extractEntry lib/types/documentarray.js
539 silly gunzTarPerm extractEntry lib/types/embedded.js
540 silly gunzTarPerm extractEntry lib/types/index.js
541 silly gunzTarPerm extractEntry lib/types/map.js
542 silly gunzTarPerm extractEntry lib/types/objectid.js
543 silly gunzTarPerm extractEntry lib/types/subdocument.js
544 silly gunzTarPerm extractEntry lib/utils.js
545 silly gunzTarPerm extractEntry lib/virtualtype.js
546 silly gunzTarPerm extractEntry tools/auth.js
547 silly gunzTarPerm extractEntry tools/repl.js
548 silly gunzTarPerm extractEntry tools/sharded.js
549 silly gentlyRm /home/nick/Server/whatsForDinner/whatsForDinner-backend/node_modules/.staging/mongoose-a2c17c8b/node_modules is being purged
550 verbose gentlyRm don't care about contents; nuking /home/nick/Server/whatsForDinner/whatsForDinner-backend/node_modules/.staging/mongoose-a2c17c8b/node_modules
551 silly doParallel preinstall 6
552 silly preinstall ms@2.1.2 /home/nick/Server/whatsForDinner/whatsForDinner-backend/node_modules/.staging/ms-c79cf757
553 info lifecycle ms@2.1.2~preinstall: ms@2.1.2
554 silly preinstall bcryptjs@2.4.3 /home/nick/Server/whatsForDinner/whatsForDinner-backend/node_modules/.staging/bcryptjs-6c6cd735
555 info lifecycle bcryptjs@2.4.3~preinstall: bcryptjs@2.4.3
556 silly preinstall express@4.17.1 /home/nick/Server/whatsForDinner/whatsForDinner-backend/node_modules/.staging/express-7059f150
557 info lifecycle express@4.17.1~preinstall: express@4.17.1
558 silly preinstall mongoose@5.7.1 /home/nick/Server/whatsForDinner/whatsForDinner-backend/node_modules/.staging/mongoose-a2c17c8b
559 info lifecycle mongoose@5.7.1~preinstall: mongoose@5.7.1
560 silly preinstall passport@0.4.0 /home/nick/Server/whatsForDinner/whatsForDinner-backend/node_modules/.staging/passport-7c4e4961
561 info lifecycle passport@0.4.0~preinstall: passport@0.4.0
562 silly preinstall passport-jwt@4.0.0 /home/nick/Server/whatsForDinner/whatsForDinner-backend/node_modules/.staging/passport-jwt-ba327a97
563 info lifecycle passport-jwt@4.0.0~preinstall: passport-jwt@4.0.0
564 silly lifecycle ms@2.1.2~preinstall: no script for preinstall, continuing
565 silly lifecycle bcryptjs@2.4.3~preinstall: no script for preinstall, continuing
566 silly lifecycle express@4.17.1~preinstall: no script for preinstall, continuing
567 silly lifecycle mongoose@5.7.1~preinstall: no script for preinstall, continuing
568 silly lifecycle passport@0.4.0~preinstall: no script for preinstall, continuing
569 silly lifecycle passport-jwt@4.0.0~preinstall: no script for preinstall, continuing
570 silly doReverseSerial remove 0
571 silly doSerial move 0
572 silly doSerial finalize 6
573 silly finalize /home/nick/Server/whatsForDinner/whatsForDinner-backend/node_modules/mongoose/node_modules/ms
574 silly finalize /home/nick/Server/whatsForDinner/whatsForDinner-backend/node_modules/bcryptjs
575 silly finalize /home/nick/Server/whatsForDinner/whatsForDinner-backend/node_modules/express
576 silly finalize /home/nick/Server/whatsForDinner/whatsForDinner-backend/node_modules/mongoose
577 verbose unlock done using /home/nick/.npm/_locks/staging-d84069e4c0841615.lock for /home/nick/Server/whatsForDinner/whatsForDinner-backend/node_modules/.staging
578 silly rollbackFailedOptional Starting
579 silly rollbackFailedOptional Finishing
580 silly runTopLevelLifecycles Starting
581 silly runTopLevelLifecycles Finishing
582 silly install printInstalled
583 warn enoent ENOENT: no such file or directory, open '/home/nick/Server/whatsForDinner/whatsForDinner-backend/package.json'
584 warn whatsForDinner-backend No description
585 warn whatsForDinner-backend No repository field.
586 warn whatsForDinner-backend No README data
587 warn whatsForDinner-backend No license field.
588 verbose stack Error: ENOTEMPTY: directory not empty, rename '/home/nick/Server/whatsForDinner/whatsForDinner-backend/node_modules/mongoose' -> '/home/nick/Server/whatsForDinner/whatsForDinner-backend/node_modules/.mongoose.DELETE'
588 verbose stack     at moveAway (/usr/share/npm/lib/install/action/finalize.js:38:5)
588 verbose stack     at destStatted (/usr/share/npm/lib/install/action/finalize.js:27:7)
588 verbose stack     at FSReqWrap.oncomplete (fs.js:153:5)
588 verbose stack
588 verbose stack Error: ENOTEMPTY: directory not empty, rename '/home/nick/Server/whatsForDinner/whatsForDinner-backend/node_modules/mongoose' -> '/home/nick/Server/whatsForDinner/whatsForDinner-backend/node_modules/.mongoose.DELETE'
589 verbose cwd /home/nick/Server/whatsForDinner/whatsForDinner-backend
590 error Linux 4.15.0-64-generic
591 error argv "/usr/bin/node" "/usr/bin/npm" "i" "mongoose"
592 error node v8.10.0
593 error npm  v3.5.2
594 error path /home/nick/Server/whatsForDinner/whatsForDinner-backend/node_modules/mongoose
595 error code ENOTEMPTY
596 error errno -39
597 error syscall rename
598 error ENOTEMPTY: directory not empty, rename '/home/nick/Server/whatsForDinner/whatsForDinner-backend/node_modules/mongoose' -> '/home/nick/Server/whatsForDinner/whatsForDinner-backend/node_modules/.mongoose.DELETE'
599 error If you need help, you may report this error at:
599 error     <https://github.com/npm/npm/issues>
600 verbose exit [ -39, true ]
