Tue Oct 22 2019 21:01:57 GMT-0700 (MST): Connection Open
Tue Oct 22 2019 21:04:04 GMT-0700 (MST): Connection Open
Tue Oct 22 2019 21:05:39 GMT-0700 (MST): Connection Open
Tue Oct 22 2019 21:10:48 GMT-0700 (MST): Connection Open
Tue Oct 22 2019 21:16:33 GMT-0700 (MST): Connection Open
Tue Oct 22 2019 21:18:45 GMT-0700 (MST): Connection Open
Wed Oct 23 2019 19:37:17 GMT-0700 (MST): Connection Open
Wed Oct 23 2019 19:37:52 GMT-0700 (MST): Connection Open
Wed Oct 23 2019 19:46:06 GMT-0700 (MST): Connection Open
Wed Oct 23 2019 19:53:03 GMT-0700 (MST): Connection Open
Wed Oct 23 2019 20:17:30 GMT-0700 (MST): Connection Open
Wed Oct 23 2019 20:23:30 GMT-0700 (MST): Connection Open
Wed Oct 23 2019 21:33:26 GMT-0700 (MST): Connection Open
Wed Oct 23 2019 21:44:47 GMT-0700 (MST): Connection Open
Thu Oct 24 2019 19:55:16 GMT-0700 (MST): Connection Open
Thu Oct 24 2019 19:58:50 GMT-0700 (MST): Connection Open
Thu Oct 24 2019 19:59:22 GMT-0700 (MST): Connection Open
Thu Oct 24 2019 20:26:46 GMT-0700 (MST): Connection Open
Thu Oct 24 2019 20:30:11 GMT-0700 (MST): Connection Open
Thu Oct 24 2019 20:30:38 GMT-0700 (MST): Connection Open
Thu Oct 24 2019 20:33:05 GMT-0700 (MST): Connection Open
Thu Oct 24 2019 20:33:36 GMT-0700 (MST): Connection Open
Thu Oct 24 2019 20:35:19 GMT-0700 (MST): Connection Open
Thu Oct 24 2019 20:42:36 GMT-0700 (MST): Connection Open
Thu Oct 24 2019 21:08:55 GMT-0700 (MST): Connection Open
Thu Oct 24 2019 21:09:19 GMT-0700 (MST): Connection Open
Thu Oct 24 2019 21:10:17 GMT-0700 (MST): Connection Open
Sat Oct 26 2019 14:35:15 GMT-0700 (MST): Connection Open
Sat Oct 26 2019 14:39:48 GMT-0700 (MST): Connection Open
Sat Oct 26 2019 14:48:56 GMT-0700 (MST): Connection Open
Sat Oct 26 2019 22:44:52 GMT-0700 (MST): Connection Open
Sat Oct 26 2019 23:12:54 GMT-0700 (MST): Connection Open
Sat Oct 26 2019 23:21:39 GMT-0700 (MST): Connection Open
Sat Oct 26 2019 23:24:01 GMT-0700 (MST): Connection Open
Sat Oct 26 2019 23:28:42 GMT-0700 (MST): Connection Open
Sat Oct 26 2019 23:29:48 GMT-0700 (MST): Connection Open
Sat Oct 26 2019 23:30:04 GMT-0700 (MST): Connection Open
Sat Oct 26 2019 23:37:29 GMT-0700 (MST): Connection Open
Sat Oct 26 2019 23:38:59 GMT-0700 (MST): Connection Open
Sat Oct 26 2019 23:40:50 GMT-0700 (MST): Connection Open
Sat Oct 26 2019 23:42:13 GMT-0700 (MST): Connection Open
Sat Oct 26 2019 23:42:47 GMT-0700 (MST): Connection Open
Sat Oct 26 2019 23:43:35 GMT-0700 (MST): Connection Open
Sat Oct 26 2019 23:46:01 GMT-0700 (MST): Connection Open
Sat Oct 26 2019 23:46:33 GMT-0700 (MST): Connection Open
Sat Oct 26 2019 23:47:19 GMT-0700 (MST): Connection Open
Sat Oct 26 2019 23:51:36 GMT-0700 (MST): Connection Open
Sat Oct 26 2019 23:52:22 GMT-0700 (MST): Connection Open
Sat Oct 26 2019 23:55:59 GMT-0700 (MST): Connection Open
Sat Oct 26 2019 23:58:28 GMT-0700 (MST): Connection Open
Sun Oct 27 2019 00:15:52 GMT-0700 (MST): Connection Open
Sun Oct 27 2019 00:23:44 GMT-0700 (MST): Connection Open
Sun Oct 27 2019 10:05:22 GMT-0700 (MST): Connection Open
Sun Oct 27 2019 10:07:48 GMT-0700 (MST): Connection Open
Sun Oct 27 2019 10:10:01 GMT-0700 (MST): Connection Open
Sun Oct 27 2019 10:13:11 GMT-0700 (MST): Connection Open
Sun Oct 27 2019 10:16:34 GMT-0700 (MST): Connection Open
Sun Oct 27 2019 10:35:05 GMT-0700 (MST): Connection Open
Sun Oct 27 2019 10:36:50 GMT-0700 (MST): Connection Open
Sun Oct 27 2019 10:52:17 GMT-0700 (MST): Connection Open
Sun Oct 27 2019 11:02:30 GMT-0700 (MST): Connection Open
Sun Oct 27 2019 11:05:12 GMT-0700 (MST): Connection Open
Sun Oct 27 2019 11:06:32 GMT-0700 (MST): Connection Open
Sun Oct 27 2019 11:07:01 GMT-0700 (MST): Connection Open
Sun Oct 27 2019 11:07:59 GMT-0700 (MST): Connection Open
Sun Oct 27 2019 11:11:50 GMT-0700 (MST): Connection Open
Sun Oct 27 2019 11:22:21 GMT-0700 (MST): Connection Open
Sun Oct 27 2019 11:23:53 GMT-0700 (MST): Connection Open
Sun Oct 27 2019 11:28:10 GMT-0700 (MST): Connection Open
Sun Oct 27 2019 11:29:04 GMT-0700 (MST): Connection Open
Sun Oct 27 2019 11:29:46 GMT-0700 (MST): Connection Open
Sun Oct 27 2019 11:31:11 GMT-0700 (MST): Connection Open
Sun Oct 27 2019 11:32:36 GMT-0700 (MST): Connection Open
Sun Oct 27 2019 15:41:24 GMT-0700 (MST): Connection Open
Sun Oct 27 2019 15:46:28 GMT-0700 (MST): Connection Open
Sun Oct 27 2019 15:46:48 GMT-0700 (MST): Connection Open
Sun Oct 27 2019 15:48:46 GMT-0700 (MST): Connection Open
Sun Oct 27 2019 15:50:33 GMT-0700 (MST): Connection Open
Sun Oct 27 2019 15:51:22 GMT-0700 (MST): Connection Open
Sun Oct 27 2019 15:52:43 GMT-0700 (MST): Connection Open
Sun Oct 27 2019 15:57:35 GMT-0700 (MST): Connection Open
Sun Oct 27 2019 15:58:06 GMT-0700 (MST): Connection Open
Sun Oct 27 2019 16:05:13 GMT-0700 (MST): Connection Open
Sun Oct 27 2019 16:10:41 GMT-0700 (MST): Connection Open
Sun Oct 27 2019 16:14:28 GMT-0700 (MST): Connection Open
Sun Oct 27 2019 16:15:04 GMT-0700 (MST): Connection Open
Sun Oct 27 2019 17:12:57 GMT-0700 (MST): Connection Open
Sun Oct 27 2019 17:15:21 GMT-0700 (MST): Connection Open
Sun Oct 27 2019 17:15:47 GMT-0700 (MST): Connection Open
Sun Oct 27 2019 17:22:20 GMT-0700 (MST): Connection Open
Sun Oct 27 2019 17:27:37 GMT-0700 (MST): Connection Open
Sun Oct 27 2019 18:32:40 GMT-0700 (MST): Connection Open
Sun Oct 27 2019 19:19:38 GMT-0700 (MST): Connection Open
Sun Oct 27 2019 19:48:21 GMT-0700 (MST): Connection Open
Sun Oct 27 2019 19:50:39 GMT-0700 (MST): Connection Open
Sun Oct 27 2019 20:02:48 GMT-0700 (MST): Connection Open
Sun Oct 27 2019 20:12:00 GMT-0700 (MST): Connection Open
Sun Oct 27 2019 20:12:43 GMT-0700 (MST): Connection Open
Sun Oct 27 2019 20:13:48 GMT-0700 (MST): Connection Open
Sun Oct 27 2019 21:33:13 GMT-0700 (MST): Connection Open
Sun Oct 27 2019 21:38:43 GMT-0700 (MST): Connection Open
Mon Oct 28 2019 19:08:46 GMT-0700 (MST): Connection Open
Mon Oct 28 2019 19:17:50 GMT-0700 (MST): Connection Open
Mon Oct 28 2019 19:19:03 GMT-0700 (MST): Connection Open
Mon Oct 28 2019 19:20:34 GMT-0700 (MST): Connection Open
Mon Oct 28 2019 19:21:48 GMT-0700 (MST): Connection Open
Mon Oct 28 2019 19:50:21 GMT-0700 (MST): Connection Open
Mon Oct 28 2019 19:55:41 GMT-0700 (MST): Connection Open
Tue Oct 29 2019 20:07:31 GMT-0700 (MST): Connection Open
Tue Oct 29 2019 20:36:40 GMT-0700 (MST): Connection Open
Tue Oct 29 2019 20:46:30 GMT-0700 (MST): Connection Open
Wed Oct 30 2019 19:29:04 GMT-0700 (MST): Connection Open
Wed Oct 30 2019 19:58:07 GMT-0700 (MST): Connection Open
Wed Oct 30 2019 21:46:58 GMT-0700 (MST): Connection Open
